1675431066723	geckodriver	INFO	Listening on 127.0.0.1:62374
1675431069822	mozrunner::runner	INFO	Running command: "C:\\Program Files\\Mozilla Firefox\\firefox.exe" "--marionette" "--incognito" "start-maximized" "--disable- ... 75" "--remote-allow-hosts" "localhost" "-no-remote" "-profile" "C:\\Users\\ACER\\AppData\\Local\\Temp\\rust_mozprofileVJahSM"
1675431075086	Marionette	INFO	Marionette enabled
1675431075128	Marionette	INFO	Listening on port 62384
Read port: 62384
WebDriver BiDi listening on ws://127.0.0.1:62375
1675431076364	RemoteAgent	WARN	TLS certificate errors will be ignored for this session
console.warn: SearchSettings: "get: No settings file exists, new profile?" (new NotFoundError("Could not open the file at C:\\Users\\ACER\\AppData\\Local\\Temp\\rust_mozprofileVJahSM\\search.json.mozlz4", (void 0)))
DevTools listening on ws://127.0.0.1:62375/devtools/browser/ba1b4be7-3fe7-4a0b-ae8e-3dbb790c4880
1675431147037	Marionette	INFO	Stopped listening on port 62384
[Parent 22176, IPC I/O Parent] WARNING: pipe error: 232: file /builds/worker/checkouts/gecko/ipc/chromium/src/chrome/common/ipc_channel_win.cc:559
1675431885115	geckodriver	INFO	Listening on 127.0.0.1:62666
1675431888126	mozrunner::runner	INFO	Running command: "C:\\Program Files\\Mozilla Firefox\\firefox.exe" "--marionette" "--incognito" "start-maximized" "--disable- ... 67" "--remote-allow-hosts" "localhost" "-no-remote" "-profile" "C:\\Users\\ACER\\AppData\\Local\\Temp\\rust_mozprofileFrUc6Y"
1675431889314	Marionette	INFO	Marionette enabled
1675431889327	Marionette	INFO	Listening on port 62676
Read port: 62676
WebDriver BiDi listening on ws://127.0.0.1:62667
1675431889655	RemoteAgent	WARN	TLS certificate errors will be ignored for this session
console.warn: SearchSettings: "get: No settings file exists, new profile?" (new NotFoundError("Could not open the file at C:\\Users\\ACER\\AppData\\Local\\Temp\\rust_mozprofileFrUc6Y\\search.json.mozlz4", (void 0)))
DevTools listening on ws://127.0.0.1:62667/devtools/browser/844837ba-ffb6-4ff0-b39e-e5195ee2a860
[Child 14072, IPC I/O Child] WARNING: pipe error: 232: file /builds/worker/checkouts/gecko/ipc/chromium/src/chrome/common/ipc_channel_win.cc:559
Exiting due to channel error.
1675433103090	geckodriver	INFO	Listening on 127.0.0.1:62946
1675433106131	mozrunner::runner	INFO	Running command: "C:\\Program Files\\Mozilla Firefox\\firefox.exe" "--marionette" "--incognito" "start-maximized" "--disable- ... 47" "--remote-allow-hosts" "localhost" "-no-remote" "-profile" "C:\\Users\\ACER\\AppData\\Local\\Temp\\rust_mozprofile873yPJ"
1675433107137	Marionette	INFO	Marionette enabled
1675433107150	Marionette	INFO	Listening on port 62959
Read port: 62959
WebDriver BiDi listening on ws://127.0.0.1:62947
1675433107474	RemoteAgent	WARN	TLS certificate errors will be ignored for this session
console.warn: SearchSettings: "get: No settings file exists, new profile?" (new NotFoundError("Could not open the file at C:\\Users\\ACER\\AppData\\Local\\Temp\\rust_mozprofile873yPJ\\search.json.mozlz4", (void 0)))
DevTools listening on ws://127.0.0.1:62947/devtools/browser/7c30e07a-ce64-47c7-b53b-e19048dbbf4d
1675433249021	geckodriver	INFO	Listening on 127.0.0.1:63005
1675433252044	mozrunner::runner	INFO	Running command: "C:\\Program Files\\Mozilla Firefox\\firefox.exe" "--marionette" "--incognito" "start-maximized" "--disable- ... 06" "--remote-allow-hosts" "localhost" "-no-remote" "-profile" "C:\\Users\\ACER\\AppData\\Local\\Temp\\rust_mozprofile1bUet3"
1675433252990	Marionette	INFO	Marionette enabled
1675433253002	Marionette	INFO	Listening on port 63015
Read port: 63015
WebDriver BiDi listening on ws://127.0.0.1:63006
1675433253412	RemoteAgent	WARN	TLS certificate errors will be ignored for this session
console.warn: SearchSettings: "get: No settings file exists, new profile?" (new NotFoundError("Could not open the file at C:\\Users\\ACER\\AppData\\Local\\Temp\\rust_mozprofile1bUet3\\search.json.mozlz4", (void 0)))
DevTools listening on ws://127.0.0.1:63006/devtools/browser/73aebbd7-d99a-428a-8283-c1ed33f45942
Exiting due to channel error.
Exiting due to channel error.
1675433769916	geckodriver	INFO	Listening on 127.0.0.1:63142
1675433772952	mozrunner::runner	INFO	Running command: "C:\\Program Files\\Mozilla Firefox\\firefox.exe" "--marionette" "--incognito" "start-maximized" "--disable- ... 43" "--remote-allow-hosts" "localhost" "-no-remote" "-profile" "C:\\Users\\ACER\\AppData\\Local\\Temp\\rust_mozprofile3LZbYc"
1675433773875	Marionette	INFO	Marionette enabled
1675433773886	Marionette	INFO	Listening on port 63152
Read port: 63152
WebDriver BiDi listening on ws://127.0.0.1:63143
1675433774278	RemoteAgent	WARN	TLS certificate errors will be ignored for this session
console.warn: SearchSettings: "get: No settings file exists, new profile?" (new NotFoundError("Could not open the file at C:\\Users\\ACER\\AppData\\Local\\Temp\\rust_mozprofile3LZbYc\\search.json.mozlz4", (void 0)))
DevTools listening on ws://127.0.0.1:63143/devtools/browser/99f02530-b752-4f93-943e-62f0bb418b43
1675433878860	geckodriver	INFO	Listening on 127.0.0.1:63188
1675433881898	mozrunner::runner	INFO	Running command: "C:\\Program Files\\Mozilla Firefox\\firefox.exe" "--marionette" "--incognito" "start-maximized" "--disable- ... 89" "--remote-allow-hosts" "localhost" "-no-remote" "-profile" "C:\\Users\\ACER\\AppData\\Local\\Temp\\rust_mozprofilewU7LL8"
1675433882867	Marionette	INFO	Marionette enabled
1675433882877	Marionette	INFO	Listening on port 63202
Read port: 63202
WebDriver BiDi listening on ws://127.0.0.1:63189
1675433883181	RemoteAgent	WARN	TLS certificate errors will be ignored for this session
console.warn: SearchSettings: "get: No settings file exists, new profile?" (new NotFoundError("Could not open the file at C:\\Users\\ACER\\AppData\\Local\\Temp\\rust_mozprofilewU7LL8\\search.json.mozlz4", (void 0)))
DevTools listening on ws://127.0.0.1:63189/devtools/browser/a9927cb8-7a67-41f1-a557-6364a05721f0
Exiting due to channel error.
Exiting due to channel error.
1675434196822	geckodriver	INFO	Listening on 127.0.0.1:63280
1675434199846	mozrunner::runner	INFO	Running command: "C:\\Program Files\\Mozilla Firefox\\firefox.exe" "--marionette" "--incognito" "start-maximized" "--disable- ... 81" "--remote-allow-hosts" "localhost" "-no-remote" "-profile" "C:\\Users\\ACER\\AppData\\Local\\Temp\\rust_mozprofileOp261S"
1675434200803	Marionette	INFO	Marionette enabled
1675434200814	Marionette	INFO	Listening on port 63290
Read port: 63290
WebDriver BiDi listening on ws://127.0.0.1:63281
1675434201178	RemoteAgent	WARN	TLS certificate errors will be ignored for this session
console.warn: SearchSettings: "get: No settings file exists, new profile?" (new NotFoundError("Could not open the file at C:\\Users\\ACER\\AppData\\Local\\Temp\\rust_mozprofileOp261S\\search.json.mozlz4", (void 0)))
DevTools listening on ws://127.0.0.1:63281/devtools/browser/ea17d965-eb97-4ea1-bdb7-9449d45595ee
[GPU 21444, IPC I/O Child] WARNING: pipe error: 232: file /builds/worker/checkouts/gecko/ipc/chromium/src/chrome/common/ipc_channel_win.cc:559
Exiting due to channel error.
1675434500683	geckodriver	INFO	Listening on 127.0.0.1:63401
1675434503713	mozrunner::runner	INFO	Running command: "C:\\Program Files\\Mozilla Firefox\\firefox.exe" "--marionette" "--incognito" "start-maximized" "--disable- ... 02" "--remote-allow-hosts" "localhost" "-no-remote" "-profile" "C:\\Users\\ACER\\AppData\\Local\\Temp\\rust_mozprofiles4qQRU"
1675434505004	Marionette	INFO	Marionette enabled
1675434505017	Marionette	INFO	Listening on port 63411
Read port: 63411
WebDriver BiDi listening on ws://127.0.0.1:63402
1675434505423	RemoteAgent	WARN	TLS certificate errors will be ignored for this session
console.warn: SearchSettings: "get: No settings file exists, new profile?" (new NotFoundError("Could not open the file at C:\\Users\\ACER\\AppData\\Local\\Temp\\rust_mozprofiles4qQRU\\search.json.mozlz4", (void 0)))
DevTools listening on ws://127.0.0.1:63402/devtools/browser/090935a7-9c46-47a6-8091-4a2ebd1598ff
1675435464806	geckodriver	INFO	Listening on 127.0.0.1:63660
1675435467841	mozrunner::runner	INFO	Running command: "C:\\Program Files\\Mozilla Firefox\\firefox.exe" "--marionette" "--incognito" "start-maximized" "--disable- ... 61" "--remote-allow-hosts" "localhost" "-no-remote" "-profile" "C:\\Users\\ACER\\AppData\\Local\\Temp\\rust_mozprofileDZHzSP"
1675435468792	Marionette	INFO	Marionette enabled
1675435468803	Marionette	INFO	Listening on port 63670
Read port: 63670
WebDriver BiDi listening on ws://127.0.0.1:63661
1675435469160	RemoteAgent	WARN	TLS certificate errors will be ignored for this session
console.warn: SearchSettings: "get: No settings file exists, new profile?" (new NotFoundError("Could not open the file at C:\\Users\\ACER\\AppData\\Local\\Temp\\rust_mozprofileDZHzSP\\search.json.mozlz4", (void 0)))
DevTools listening on ws://127.0.0.1:63661/devtools/browser/94023f51-983e-4b3d-8263-2cf7fdeb7a08
1675435495806	Marionette	INFO	Stopped listening on port 63670
JavaScript error: resource://gre/modules/AsyncShutdown.jsm, line 703: Error: Phase "Sqlite.sys.mjs: wait until all connections are closed" is finished, it is too late to register completion condition "protections.sqlite#0: waiting for shutdown"
WARNING: A blocker encountered an error while we were waiting.
          Blocker:  Waiting for ping task
          Phase: TelemetryController: Waiting for pending ping activity
          State: (none)
WARNING: Error: Phase "profile-before-change" is finished, it is too late to register completion condition "OS.File: flush I/O queued before profileBeforeChange"
WARNING: addBlocker@resource://gre/modules/AsyncShutdown.jsm:703:15
addBlocker@resource://gre/modules/AsyncShutdown.jsm:511:26
addBlocker@resource://gre/modules/AsyncShutdown.jsm:450:15
setupShutdown@resource://gre/modules/osfile/osfile_async_front.jsm:1563:28
@resource://gre/modules/osfile/osfile_async_front.jsm:1583:16
@resource://gre/modules/osfile.jsm:12:30
@resource://gre/modules/TelemetryStorage.jsm:19:28
promiseArchivePing@resource://gre/modules/TelemetryArchive.jsm:103:5
promiseArchivePing@resource://gre/modules/TelemetryArchive.jsm:63:33
_submitPingLogic@resource://gre/modules/TelemetryControllerParent.jsm:540:48
send@resource://gre/modules/TelemetryControllerParent.jsm:628:24
submitExternalPing@resource://gre/modules/TelemetryControllerParent.jsm:182:17
sendPing@resource://gre/modules/EventPing.jsm:51:30
_submitPing@resource://gre/modules/EventPing.jsm:229:12
shutdown@resource://gre/modules/EventPing.jsm:112:10
_cleanupOnShutdown@resource://gre/modules/TelemetryControllerParent.jsm:940:31
shutdown/<@resource://gre/modules/TelemetryControllerParent.jsm:1010:24
observe@resource://gre/modules/AsyncShutdown.jsm:560:16

WARNING: A blocker encountered an error while we were waiting.
          Blocker:  Waiting for ping task
          Phase: TelemetryController: Waiting for pending ping activity
          State: (none)
WARNING: Error: Phase "profile-before-change" is finished, it is too late to register completion condition "OS.File: flush I/O queued before profileBeforeChange"
WARNING: addBlocker@resource://gre/modules/AsyncShutdown.jsm:703:15
addBlocker@resource://gre/modules/AsyncShutdown.jsm:511:26
addBlocker@resource://gre/modules/AsyncShutdown.jsm:450:15
setupShutdown@resource://gre/modules/osfile/osfile_async_front.jsm:1563:28
@resource://gre/modules/osfile/osfile_async_front.jsm:1583:16
@resource://gre/modules/osfile.jsm:12:30
@resource://gre/modules/TelemetryStorage.jsm:19:28
promiseArchivePing@resource://gre/modules/TelemetryArchive.jsm:103:5
promiseArchivePing@resource://gre/modules/TelemetryArchive.jsm:63:33
_submitPingLogic@resource://gre/modules/TelemetryControllerParent.jsm:540:48
send@resource://gre/modules/TelemetryControllerParent.jsm:628:24
submitExternalPing@resource://gre/modules/TelemetryControllerParent.jsm:182:17
saveShutdownPings@resource://gre/modules/TelemetrySession.jsm:982:34
shutdownChromeProcess/cleanup/<@resource://gre/modules/TelemetrySession.jsm:1232:20
cleanup@resource://gre/modules/TelemetrySession.jsm:1239:9
shutdownChromeProcess@resource://gre/modules/TelemetrySession.jsm:1256:14
shutdown@resource://gre/modules/TelemetrySession.jsm:247:17
_cleanupOnShutdown@resource://gre/modules/TelemetryControllerParent.jsm:959:35
observe@resource://gre/modules/AsyncShutdown.jsm:560:16

WARNING: A blocker encountered an error while we were waiting.
          Blocker:  Waiting for ping task
          Phase: TelemetryController: Waiting for pending ping activity
          State: (none)
WARNING: Error: Phase "profile-before-change" is finished, it is too late to register completion condition "OS.File: flush I/O queued before profileBeforeChange"
WARNING: addBlocker@resource://gre/modules/AsyncShutdown.jsm:703:15
addBlocker@resource://gre/modules/AsyncShutdown.jsm:511:26
addBlocker@resource://gre/modules/AsyncShutdown.jsm:450:15
setupShutdown@resource://gre/modules/osfile/osfile_async_front.jsm:1563:28
@resource://gre/modules/osfile/osfile_async_front.jsm:1583:16
@resource://gre/modules/osfile.jsm:12:30
@resource://gre/modules/TelemetryStorage.jsm:19:28
promiseArchivePing@resource://gre/modules/TelemetryArchive.jsm:103:5
promiseArchivePing@resource://gre/modules/TelemetryArchive.jsm:63:33
_submitPingLogic@resource://gre/modules/TelemetryControllerParent.jsm:540:48
send@resource://gre/modules/TelemetryControllerParent.jsm:628:24
submitExternalPing@resource://gre/modules/TelemetryControllerParent.jsm:182:17
saveShutdownPings@resource://gre/modules/TelemetrySession.jsm:1014:36
shutdownChromeProcess/cleanup/<@resource://gre/modules/TelemetrySession.jsm:1232:20
cleanup@resource://gre/modules/TelemetrySession.jsm:1239:9
shutdownChromeProcess@resource://gre/modules/TelemetrySession.jsm:1256:14
shutdown@resource://gre/modules/TelemetrySession.jsm:247:17
_cleanupOnShutdown@resource://gre/modules/TelemetryControllerParent.jsm:959:35
observe@resource://gre/modules/AsyncShutdown.jsm:560:16

WARNING: A blocker encountered an error while we were waiting.
          Blocker:  TelemetryController: shutting down
          Phase: profile-before-change-telemetry
          State: Error getting state: Error: Phase "profile-before-change" is finished, it is too late to register completion condition "OS.File: flush I/O queued before profileBeforeChange" at addBlocker@resource://gre/modules/AsyncShutdown.jsm:703:15
addBlocker@resource://gre/modules/AsyncShutdown.jsm:511:26
addBlocker@resource://gre/modules/AsyncShutdown.jsm:450:15
setupShutdown@resource://gre/modules/osfile/osfile_async_front.jsm:1563:28
@resource://gre/modules/osfile/osfile_async_front.jsm:1583:16
@resource://gre/modules/osfile.jsm:12:30
@resource://gre/modules/TelemetryStorage.jsm:19:28
getShutdownState@resource://gre/modules/TelemetrySend.jsm:1687:7
getShutdownState@resource://gre/modules/TelemetrySend.jsm:369:30
_getState@resource://gre/modules/TelemetryControllerParent.jsm:1058:38
setupTelemetry/<@resource://gre/modules/TelemetryControllerParent.jsm:917:18
safeGetState@resource://gre/modules/AsyncShutdown.jsm:242:17
Barrier/addBlocker/promise<@resource://gre/modules/AsyncShutdown.jsm:751:20
observe@resource://gre/modules/AsyncShutdown.jsm:560:16

WARNING: Error: Phase "profile-before-change" is finished, it is too late to register completion condition "OS.File: flush I/O queued before profileBeforeChange"
WARNING: addBlocker@resource://gre/modules/AsyncShutdown.jsm:703:15
addBlocker@resource://gre/modules/AsyncShutdown.jsm:511:26
addBlocker@resource://gre/modules/AsyncShutdown.jsm:450:15
setupShutdown@resource://gre/modules/osfile/osfile_async_front.jsm:1563:28
@resource://gre/modules/osfile/osfile_async_front.jsm:1583:16
@resource://gre/modules/osfile.jsm:12:30
@resource://gre/modules/TelemetryStorage.jsm:19:28
removeAbortedSessionPing@resource://gre/modules/TelemetryControllerParent.jsm:721:5
removeAbortedSessionPing@resource://gre/modules/TelemetryControllerParent.jsm:249:17
shutdownChromeProcess/cleanup/<@resource://gre/modules/TelemetrySession.jsm:1235:42
observe@resource://gre/modules/AsyncShutdown.jsm:560:16

JavaScript error: resource://gre/modules/AsyncShutdown.jsm, line 703: Error: Phase "profile-before-change" is finished, it is too late to register completion condition "OS.File: flush I/O queued before profileBeforeChange"
JavaScript error: resource://gre/modules/AsyncShutdown.jsm, line 703: Error: Phase "profile-before-change" is finished, it is too late to register completion condition "OS.File: flush I/O queued before profileBeforeChange"
JavaScript error: resource://gre/modules/AsyncShutdown.jsm, line 703: Error: Phase "profile-before-change" is finished, it is too late to register completion condition "OS.File: flush I/O queued before profileBeforeChange"
JavaScript error: resource://gre/modules/AsyncShutdown.jsm, line 703: Error: Phase "profile-before-change" is finished, it is too late to register completion condition "OS.File: flush I/O queued before profileBeforeChange"
JavaScript error: resource://gre/modules/AsyncShutdown.jsm, line 703: Error: Phase "profile-before-change" is finished, it is too late to register completion condition "OS.File: flush I/O queued before profileBeforeChange"
JavaScript error: resource://gre/modules/AsyncShutdown.jsm, line 703: Error: Phase "profile-before-change" is finished, it is too late to register completion condition "OS.File: flush I/O queued before profileBeforeChange"
1675435728740	geckodriver	INFO	Listening on 127.0.0.1:63799
1675435731785	mozrunner::runner	INFO	Running command: "C:\\Program Files\\Mozilla Firefox\\firefox.exe" "--marionette" "--incognito" "start-maximized" "--disable- ... 00" "--remote-allow-hosts" "localhost" "-no-remote" "-profile" "C:\\Users\\ACER\\AppData\\Local\\Temp\\rust_mozprofileIiqRhM"
1675435732773	Marionette	INFO	Marionette enabled
1675435732781	Marionette	INFO	Listening on port 63809
Read port: 63809
WebDriver BiDi listening on ws://127.0.0.1:63800
1675435733124	RemoteAgent	WARN	TLS certificate errors will be ignored for this session
console.warn: SearchSettings: "get: No settings file exists, new profile?" (new NotFoundError("Could not open the file at C:\\Users\\ACER\\AppData\\Local\\Temp\\rust_mozprofileIiqRhM\\search.json.mozlz4", (void 0)))
DevTools listening on ws://127.0.0.1:63800/devtools/browser/a77c2f36-a818-4f65-ab8c-f0f9cc3146c4
[Child 19032, IPC I/O Child] WARNING: pipe error: 232: file /builds/worker/checkouts/gecko/ipc/chromium/src/chrome/common/ipc_channel_win.cc:559
Exiting due to channel error.
Exiting due to channel error.
1675435791602	geckodriver	INFO	Listening on 127.0.0.1:63841
1675435794637	mozrunner::runner	INFO	Running command: "C:\\Program Files\\Mozilla Firefox\\firefox.exe" "--marionette" "--incognito" "start-maximized" "--disable- ... 42" "--remote-allow-hosts" "localhost" "-no-remote" "-profile" "C:\\Users\\ACER\\AppData\\Local\\Temp\\rust_mozprofile0Zzn9f"
1675435795570	Marionette	INFO	Marionette enabled
1675435795582	Marionette	INFO	Listening on port 63851
Read port: 63851
WebDriver BiDi listening on ws://127.0.0.1:63842
1675435795973	RemoteAgent	WARN	TLS certificate errors will be ignored for this session
console.warn: SearchSettings: "get: No settings file exists, new profile?" (new NotFoundError("Could not open the file at C:\\Users\\ACER\\AppData\\Local\\Temp\\rust_mozprofile0Zzn9f\\search.json.mozlz4", (void 0)))
DevTools listening on ws://127.0.0.1:63842/devtools/browser/b9906fce-83b9-4769-a63e-222da7f96901
1675435930254	geckodriver	INFO	Listening on 127.0.0.1:63909
1675435933294	mozrunner::runner	INFO	Running command: "C:\\Program Files\\Mozilla Firefox\\firefox.exe" "--marionette" "--incognito" "start-maximized" "--disable- ... 10" "--remote-allow-hosts" "localhost" "-no-remote" "-profile" "C:\\Users\\ACER\\AppData\\Local\\Temp\\rust_mozprofilenRc3lB"
1675435934191	Marionette	INFO	Marionette enabled
1675435934203	Marionette	INFO	Listening on port 63921
Read port: 63921
WebDriver BiDi listening on ws://127.0.0.1:63910
1675435934581	RemoteAgent	WARN	TLS certificate errors will be ignored for this session
console.warn: SearchSettings: "get: No settings file exists, new profile?" (new NotFoundError("Could not open the file at C:\\Users\\ACER\\AppData\\Local\\Temp\\rust_mozprofilenRc3lB\\search.json.mozlz4", (void 0)))
DevTools listening on ws://127.0.0.1:63910/devtools/browser/f7b51bcf-a1df-40a5-addd-e49c6cc19b6e
1675436030325	geckodriver	INFO	Listening on 127.0.0.1:63958
1675436033308	mozrunner::runner	INFO	Running command: "C:\\Program Files\\Mozilla Firefox\\firefox.exe" "--marionette" "--incognito" "start-maximized" "--disable- ... 59" "--remote-allow-hosts" "localhost" "-no-remote" "-profile" "C:\\Users\\ACER\\AppData\\Local\\Temp\\rust_mozprofileLxZi1h"
1675436034180	Marionette	INFO	Marionette enabled
1675436034191	Marionette	INFO	Listening on port 63968
Read port: 63968
WebDriver BiDi listening on ws://127.0.0.1:63959
1675436034565	RemoteAgent	WARN	TLS certificate errors will be ignored for this session
console.warn: SearchSettings: "get: No settings file exists, new profile?" (new NotFoundError("Could not open the file at C:\\Users\\ACER\\AppData\\Local\\Temp\\rust_mozprofileLxZi1h\\search.json.mozlz4", (void 0)))
DevTools listening on ws://127.0.0.1:63959/devtools/browser/56b80fd3-df89-46f4-969d-990de615d3cb
1675436146158	geckodriver	INFO	Listening on 127.0.0.1:64046
1675436149202	mozrunner::runner	INFO	Running command: "C:\\Program Files\\Mozilla Firefox\\firefox.exe" "--marionette" "--incognito" "start-maximized" "--disable- ... 47" "--remote-allow-hosts" "localhost" "-no-remote" "-profile" "C:\\Users\\ACER\\AppData\\Local\\Temp\\rust_mozprofileIy4WtW"
1675436150174	Marionette	INFO	Marionette enabled
1675436150185	Marionette	INFO	Listening on port 64056
Read port: 64056
WebDriver BiDi listening on ws://127.0.0.1:64047
1675436150557	RemoteAgent	WARN	TLS certificate errors will be ignored for this session
console.warn: SearchSettings: "get: No settings file exists, new profile?" (new NotFoundError("Could not open the file at C:\\Users\\ACER\\AppData\\Local\\Temp\\rust_mozprofileIy4WtW\\search.json.mozlz4", (void 0)))
DevTools listening on ws://127.0.0.1:64047/devtools/browser/d1b95ebf-8b92-431e-b18f-b163c11b5c1d
Exiting due to channel error.
1675436224314	geckodriver	INFO	Listening on 127.0.0.1:64089
1675436227355	mozrunner::runner	INFO	Running command: "C:\\Program Files\\Mozilla Firefox\\firefox.exe" "--marionette" "--incognito" "start-maximized" "--disable- ... 90" "--remote-allow-hosts" "localhost" "-no-remote" "-profile" "C:\\Users\\ACER\\AppData\\Local\\Temp\\rust_mozprofile6GRxB0"
1675436228513	Marionette	INFO	Marionette enabled
1675436228524	Marionette	INFO	Listening on port 64103
Read port: 64103
WebDriver BiDi listening on ws://127.0.0.1:64090
1675436229051	RemoteAgent	WARN	TLS certificate errors will be ignored for this session
console.warn: SearchSettings: "get: No settings file exists, new profile?" (new NotFoundError("Could not open the file at C:\\Users\\ACER\\AppData\\Local\\Temp\\rust_mozprofile6GRxB0\\search.json.mozlz4", (void 0)))
DevTools listening on ws://127.0.0.1:64090/devtools/browser/c714450a-e02d-42e1-ad9b-d38848e5ba9d
1675442193411	geckodriver	INFO	Listening on 127.0.0.1:50117
1675442196348	mozrunner::runner	INFO	Running command: "C:\\Program Files\\Mozilla Firefox\\firefox.exe" "--marionette" "--incognito" "start-maximized" "--disable- ... 18" "--remote-allow-hosts" "localhost" "-no-remote" "-profile" "C:\\Users\\ACER\\AppData\\Local\\Temp\\rust_mozprofileOHEiEg"
1675442199027	Marionette	INFO	Marionette enabled
1675442199039	Marionette	INFO	Listening on port 50127
Read port: 50127
WebDriver BiDi listening on ws://127.0.0.1:50118
1675442199403	RemoteAgent	WARN	TLS certificate errors will be ignored for this session
console.warn: SearchSettings: "get: No settings file exists, new profile?" (new NotFoundError("Could not open the file at C:\\Users\\ACER\\AppData\\Local\\Temp\\rust_mozprofileOHEiEg\\search.json.mozlz4", (void 0)))
DevTools listening on ws://127.0.0.1:50118/devtools/browser/bcaa334f-52b3-4f87-aeee-ade96f6a9bcf
Exiting due to channel error.
1675442448674	geckodriver	INFO	Listening on 127.0.0.1:50179
1675442451697	mozrunner::runner	INFO	Running command: "C:\\Program Files\\Mozilla Firefox\\firefox.exe" "--marionette" "--incognito" "start-maximized" "--disable- ... 80" "--remote-allow-hosts" "localhost" "-no-remote" "-profile" "C:\\Users\\ACER\\AppData\\Local\\Temp\\rust_mozprofilerZw9sj"
1675442452679	Marionette	INFO	Marionette enabled
1675442452689	Marionette	INFO	Listening on port 50189
Read port: 50189
WebDriver BiDi listening on ws://127.0.0.1:50180
1675442453041	RemoteAgent	WARN	TLS certificate errors will be ignored for this session
console.warn: SearchSettings: "get: No settings file exists, new profile?" (new NotFoundError("Could not open the file at C:\\Users\\ACER\\AppData\\Local\\Temp\\rust_mozprofilerZw9sj\\search.json.mozlz4", (void 0)))
DevTools listening on ws://127.0.0.1:50180/devtools/browser/0f2b1ee5-5d7c-4d7f-ad7a-4eb440f4a2a2
1675442492857	geckodriver	INFO	Listening on 127.0.0.1:50207
1675442495860	mozrunner::runner	INFO	Running command: "C:\\Program Files\\Mozilla Firefox\\firefox.exe" "--marionette" "--incognito" "start-maximized" "--disable- ... 08" "--remote-allow-hosts" "localhost" "-no-remote" "-profile" "C:\\Users\\ACER\\AppData\\Local\\Temp\\rust_mozprofile69n63l"
1675442496810	Marionette	INFO	Marionette enabled
1675442496820	Marionette	INFO	Listening on port 50217
Read port: 50217
WebDriver BiDi listening on ws://127.0.0.1:50208
1675442497173	RemoteAgent	WARN	TLS certificate errors will be ignored for this session
console.warn: SearchSettings: "get: No settings file exists, new profile?" (new NotFoundError("Could not open the file at C:\\Users\\ACER\\AppData\\Local\\Temp\\rust_mozprofile69n63l\\search.json.mozlz4", (void 0)))
DevTools listening on ws://127.0.0.1:50208/devtools/browser/66bad47c-b24d-4c40-a945-f6301d00e660
[Child 21980, IPC I/O Child] WARNING: pipe error: 232: file /builds/worker/checkouts/gecko/ipc/chromium/src/chrome/common/ipc_channel_win.cc:559
Exiting due to channel error.
Exiting due to channel error.
Exiting due to channel error.
1675443018376	geckodriver	INFO	Listening on 127.0.0.1:50654
1675443021434	mozrunner::runner	INFO	Running command: "C:\\Program Files\\Mozilla Firefox\\firefox.exe" "--marionette" "--incognito" "start-maximized" "--disable- ... 55" "--remote-allow-hosts" "localhost" "-no-remote" "-profile" "C:\\Users\\ACER\\AppData\\Local\\Temp\\rust_mozprofilehvMllC"
1675443022532	Marionette	INFO	Marionette enabled
1675443022542	Marionette	INFO	Listening on port 50664
Read port: 50664
WebDriver BiDi listening on ws://127.0.0.1:50655
1675443022916	RemoteAgent	WARN	TLS certificate errors will be ignored for this session
console.warn: SearchSettings: "get: No settings file exists, new profile?" (new NotFoundError("Could not open the file at C:\\Users\\ACER\\AppData\\Local\\Temp\\rust_mozprofilehvMllC\\search.json.mozlz4", (void 0)))
DevTools listening on ws://127.0.0.1:50655/devtools/browser/307566e1-95b5-4565-acca-1a3486cef805
[Child 5336, IPC I/O Child] WARNING: pipe error: 232: file /builds/worker/checkouts/gecko/ipc/chromium/src/chrome/common/ipc_channel_win.cc:559
1675443076282	geckodriver	INFO	Listening on 127.0.0.1:50685
1675443079633	mozrunner::runner	INFO	Running command: "C:\\Program Files\\Mozilla Firefox\\firefox.exe" "--marionette" "--incognito" "start-maximized" "--disable- ... 86" "--remote-allow-hosts" "localhost" "-no-remote" "-profile" "C:\\Users\\ACER\\AppData\\Local\\Temp\\rust_mozprofileNBkQQZ"
1675443080579	Marionette	INFO	Marionette enabled
1675443080590	Marionette	INFO	Listening on port 50695
Read port: 50695
WebDriver BiDi listening on ws://127.0.0.1:50686
1675443080966	RemoteAgent	WARN	TLS certificate errors will be ignored for this session
console.warn: SearchSettings: "get: No settings file exists, new profile?" (new NotFoundError("Could not open the file at C:\\Users\\ACER\\AppData\\Local\\Temp\\rust_mozprofileNBkQQZ\\search.json.mozlz4", (void 0)))
DevTools listening on ws://127.0.0.1:50686/devtools/browser/8e30d073-538e-464b-8bb8-4cc209988d2e
Exiting due to channel error.
Exiting due to channel error.
1675443200622	geckodriver	INFO	Listening on 127.0.0.1:50726
1675443203668	mozrunner::runner	INFO	Running command: "C:\\Program Files\\Mozilla Firefox\\firefox.exe" "--marionette" "--incognito" "start-maximized" "--disable- ... 27" "--remote-allow-hosts" "localhost" "-no-remote" "-profile" "C:\\Users\\ACER\\AppData\\Local\\Temp\\rust_mozprofilep1czYE"
1675443204599	Marionette	INFO	Marionette enabled
1675443204611	Marionette	INFO	Listening on port 50736
Read port: 50736
WebDriver BiDi listening on ws://127.0.0.1:50727
1675443204969	RemoteAgent	WARN	TLS certificate errors will be ignored for this session
console.warn: SearchSettings: "get: No settings file exists, new profile?" (new NotFoundError("Could not open the file at C:\\Users\\ACER\\AppData\\Local\\Temp\\rust_mozprofilep1czYE\\search.json.mozlz4", (void 0)))
DevTools listening on ws://127.0.0.1:50727/devtools/browser/c1d4e680-de9e-42f8-8231-8633d0b2ac9b
Exiting due to channel error.
1675443411864	geckodriver	INFO	Listening on 127.0.0.1:50768
1675443414867	mozrunner::runner	INFO	Running command: "C:\\Program Files\\Mozilla Firefox\\firefox.exe" "--marionette" "--incognito" "start-maximized" "--disable- ... 69" "--remote-allow-hosts" "localhost" "-no-remote" "-profile" "C:\\Users\\ACER\\AppData\\Local\\Temp\\rust_mozprofileLBCpD2"
1675443415734	Marionette	INFO	Marionette enabled
1675443415744	Marionette	INFO	Listening on port 50778
Read port: 50778
WebDriver BiDi listening on ws://127.0.0.1:50769
1675443416162	RemoteAgent	WARN	TLS certificate errors will be ignored for this session
console.warn: SearchSettings: "get: No settings file exists, new profile?" (new NotFoundError("Could not open the file at C:\\Users\\ACER\\AppData\\Local\\Temp\\rust_mozprofileLBCpD2\\search.json.mozlz4", (void 0)))
DevTools listening on ws://127.0.0.1:50769/devtools/browser/ca3c13df-df2c-4e4e-9ee7-84a7deacc040
1675443674361	geckodriver	INFO	Listening on 127.0.0.1:50806
1675443677377	mozrunner::runner	INFO	Running command: "C:\\Program Files\\Mozilla Firefox\\firefox.exe" "--marionette" "--incognito" "start-maximized" "--disable- ... 07" "--remote-allow-hosts" "localhost" "-no-remote" "-profile" "C:\\Users\\ACER\\AppData\\Local\\Temp\\rust_mozprofileSLsZmZ"
1675443678264	Marionette	INFO	Marionette enabled
1675443678277	Marionette	INFO	Listening on port 50816
Read port: 50816
WebDriver BiDi listening on ws://127.0.0.1:50807
1675443678627	RemoteAgent	WARN	TLS certificate errors will be ignored for this session
console.warn: SearchSettings: "get: No settings file exists, new profile?" (new NotFoundError("Could not open the file at C:\\Users\\ACER\\AppData\\Local\\Temp\\rust_mozprofileSLsZmZ\\search.json.mozlz4", (void 0)))
DevTools listening on ws://127.0.0.1:50807/devtools/browser/512a19ee-73d3-4a04-93ba-1df1433eb9c3
1675444446128	geckodriver	INFO	Listening on 127.0.0.1:50887
1675444449176	mozrunner::runner	INFO	Running command: "C:\\Program Files\\Mozilla Firefox\\firefox.exe" "--marionette" "--incognito" "start-maximized" "--disable- ... 88" "--remote-allow-hosts" "localhost" "-no-remote" "-profile" "C:\\Users\\ACER\\AppData\\Local\\Temp\\rust_mozprofileQX5IQa"
1675444450366	Marionette	INFO	Marionette enabled
1675444450379	Marionette	INFO	Listening on port 50898
Read port: 50898
WebDriver BiDi listening on ws://127.0.0.1:50888
1675444450777	RemoteAgent	WARN	TLS certificate errors will be ignored for this session
console.warn: SearchSettings: "get: No settings file exists, new profile?" (new NotFoundError("Could not open the file at C:\\Users\\ACER\\AppData\\Local\\Temp\\rust_mozprofileQX5IQa\\search.json.mozlz4", (void 0)))
DevTools listening on ws://127.0.0.1:50888/devtools/browser/9c086f4a-1dbc-4b16-a6f5-f5944d58218b
1675562692496	geckodriver	INFO	Listening on 127.0.0.1:57957
1675562695703	mozrunner::runner	INFO	Running command: "C:\\Program Files\\Mozilla Firefox\\firefox.exe" "--marionette" "--incognito" "start-maximized" "--disable- ... 58" "--remote-allow-hosts" "localhost" "-no-remote" "-profile" "C:\\Users\\ACER\\AppData\\Local\\Temp\\rust_mozprofilexD3EAc"
1675562700331	Marionette	INFO	Marionette enabled
Dynamically enable window occlusion 0
1675562700361	Marionette	INFO	Listening on port 57969
Read port: 57969
WebDriver BiDi listening on ws://127.0.0.1:57958
1675562701643	RemoteAgent	WARN	TLS certificate errors will be ignored for this session
console.warn: SearchSettings: "get: No settings file exists, new profile?" (new NotFoundError("Could not open the file at C:\\Users\\ACER\\AppData\\Local\\Temp\\rust_mozprofilexD3EAc\\search.json.mozlz4", (void 0)))
DevTools listening on ws://127.0.0.1:57958/devtools/browser/c2f118ca-3816-4d82-90cd-23c7b60cd4e9
1675562746628	Marionette	INFO	Stopped listening on port 57969
Dynamically enable window occlusion 1
WARNING: A blocker encountered an error while we were waiting.
          Blocker:  Waiting for ping task
          Phase: TelemetryController: Waiting for pending ping activity
          State: (none)
WARNING: Error: Phase "profile-before-change" is finished, it is too late to register completion condition "OS.File: flush I/O queued before profileBeforeChange"
WARNING: addBlocker@resource://gre/modules/AsyncShutdown.jsm:718:15
addBlocker@resource://gre/modules/AsyncShutdown.jsm:523:26
addBlocker@resource://gre/modules/AsyncShutdown.jsm:462:15
setupShutdown@resource://gre/modules/osfile/osfile_async_front.jsm:1548:28
@resource://gre/modules/osfile/osfile_async_front.jsm:1568:16
@resource://gre/modules/osfile.jsm:12:30
@resource://gre/modules/TelemetryStorage.jsm:19:28
promiseArchivePing@resource://gre/modules/TelemetryArchive.jsm:103:5
promiseArchivePing@resource://gre/modules/TelemetryArchive.jsm:63:33
_submitPingLogic@resource://gre/modules/TelemetryControllerParent.jsm:540:48
send@resource://gre/modules/TelemetryControllerParent.jsm:628:24
submitExternalPing@resource://gre/modules/TelemetryControllerParent.jsm:182:17
sendPing@resource://gre/modules/EventPing.jsm:51:30
_submitPing@resource://gre/modules/EventPing.jsm:229:12
shutdown@resource://gre/modules/EventPing.jsm:112:10
_cleanupOnShutdown@resource://gre/modules/TelemetryControllerParent.jsm:940:31
shutdown/<@resource://gre/modules/TelemetryControllerParent.jsm:1010:24
observe@resource://gre/modules/AsyncShutdown.jsm:572:16

WARNING: A blocker encountered an error while we were waiting.
          Blocker:  Waiting for ping task
          Phase: TelemetryController: Waiting for pending ping activity
          State: (none)
WARNING: Error: Phase "profile-before-change" is finished, it is too late to register completion condition "OS.File: flush I/O queued before profileBeforeChange"
WARNING: addBlocker@resource://gre/modules/AsyncShutdown.jsm:718:15
addBlocker@resource://gre/modules/AsyncShutdown.jsm:523:26
addBlocker@resource://gre/modules/AsyncShutdown.jsm:462:15
setupShutdown@resource://gre/modules/osfile/osfile_async_front.jsm:1548:28
@resource://gre/modules/osfile/osfile_async_front.jsm:1568:16
@resource://gre/modules/osfile.jsm:12:30
@resource://gre/modules/TelemetryStorage.jsm:19:28
promiseArchivePing@resource://gre/modules/TelemetryArchive.jsm:103:5
promiseArchivePing@resource://gre/modules/TelemetryArchive.jsm:63:33
_submitPingLogic@resource://gre/modules/TelemetryControllerParent.jsm:540:48
send@resource://gre/modules/TelemetryControllerParent.jsm:628:24
submitExternalPing@resource://gre/modules/TelemetryControllerParent.jsm:182:17
saveShutdownPings@resource://gre/modules/TelemetrySession.jsm:982:34
shutdownChromeProcess/cleanup/<@resource://gre/modules/TelemetrySession.jsm:1232:20
cleanup@resource://gre/modules/TelemetrySession.jsm:1239:9
shutdownChromeProcess@resource://gre/modules/TelemetrySession.jsm:1256:14
shutdown@resource://gre/modules/TelemetrySession.jsm:247:17
_cleanupOnShutdown@resource://gre/modules/TelemetryControllerParent.jsm:959:35
observe@resource://gre/modules/AsyncShutdown.jsm:572:16

WARNING: A blocker encountered an error while we were waiting.
          Blocker:  Waiting for ping task
          Phase: TelemetryController: Waiting for pending ping activity
          State: (none)
WARNING: Error: Phase "profile-before-change" is finished, it is too late to register completion condition "OS.File: flush I/O queued before profileBeforeChange"
WARNING: addBlocker@resource://gre/modules/AsyncShutdown.jsm:718:15
addBlocker@resource://gre/modules/AsyncShutdown.jsm:523:26
addBlocker@resource://gre/modules/AsyncShutdown.jsm:462:15
setupShutdown@resource://gre/modules/osfile/osfile_async_front.jsm:1548:28
@resource://gre/modules/osfile/osfile_async_front.jsm:1568:16
@resource://gre/modules/osfile.jsm:12:30
@resource://gre/modules/TelemetryStorage.jsm:19:28
promiseArchivePing@resource://gre/modules/TelemetryArchive.jsm:103:5
promiseArchivePing@resource://gre/modules/TelemetryArchive.jsm:63:33
_submitPingLogic@resource://gre/modules/TelemetryControllerParent.jsm:540:48
send@resource://gre/modules/TelemetryControllerParent.jsm:628:24
submitExternalPing@resource://gre/modules/TelemetryControllerParent.jsm:182:17
saveShutdownPings@resource://gre/modules/TelemetrySession.jsm:1014:36
shutdownChromeProcess/cleanup/<@resource://gre/modules/TelemetrySession.jsm:1232:20
cleanup@resource://gre/modules/TelemetrySession.jsm:1239:9
shutdownChromeProcess@resource://gre/modules/TelemetrySession.jsm:1256:14
shutdown@resource://gre/modules/TelemetrySession.jsm:247:17
_cleanupOnShutdown@resource://gre/modules/TelemetryControllerParent.jsm:959:35
observe@resource://gre/modules/AsyncShutdown.jsm:572:16

WARNING: A blocker encountered an error while we were waiting.
          Blocker:  TelemetryController: shutting down
          Phase: profile-before-change-telemetry
          State: Error getting state: Error: Phase "profile-before-change" is finished, it is too late to register completion condition "OS.File: flush I/O queued before profileBeforeChange" at addBlocker@resource://gre/modules/AsyncShutdown.jsm:718:15
addBlocker@resource://gre/modules/AsyncShutdown.jsm:523:26
addBlocker@resource://gre/modules/AsyncShutdown.jsm:462:15
setupShutdown@resource://gre/modules/osfile/osfile_async_front.jsm:1548:28
@resource://gre/modules/osfile/osfile_async_front.jsm:1568:16
@resource://gre/modules/osfile.jsm:12:30
@resource://gre/modules/TelemetryStorage.jsm:19:28
getShutdownState@resource://gre/modules/TelemetrySend.jsm:1692:7
getShutdownState@resource://gre/modules/TelemetrySend.jsm:374:30
_getState@resource://gre/modules/TelemetryControllerParent.jsm:1058:38
setupTelemetry/<@resource://gre/modules/TelemetryControllerParent.jsm:917:18
safeGetState@resource://gre/modules/AsyncShutdown.jsm:254:17
Barrier/_internalAddBlocker/promise<@resource://gre/modules/AsyncShutdown.jsm:773:20
observe@resource://gre/modules/AsyncShutdown.jsm:572:16

WARNING: Error: Phase "profile-before-change" is finished, it is too late to register completion condition "OS.File: flush I/O queued before profileBeforeChange"
WARNING: addBlocker@resource://gre/modules/AsyncShutdown.jsm:718:15
addBlocker@resource://gre/modules/AsyncShutdown.jsm:523:26
addBlocker@resource://gre/modules/AsyncShutdown.jsm:462:15
setupShutdown@resource://gre/modules/osfile/osfile_async_front.jsm:1548:28
@resource://gre/modules/osfile/osfile_async_front.jsm:1568:16
@resource://gre/modules/osfile.jsm:12:30
@resource://gre/modules/TelemetryStorage.jsm:19:28
removeAbortedSessionPing@resource://gre/modules/TelemetryControllerParent.jsm:721:5
removeAbortedSessionPing@resource://gre/modules/TelemetryControllerParent.jsm:249:17
shutdownChromeProcess/cleanup/<@resource://gre/modules/TelemetrySession.jsm:1235:42
observe@resource://gre/modules/AsyncShutdown.jsm:572:16

JavaScript error: resource://gre/modules/AsyncShutdown.jsm, line 718: Error: Phase "profile-before-change" is finished, it is too late to register completion condition "OS.File: flush I/O queued before profileBeforeChange"
JavaScript error: resource://gre/modules/AsyncShutdown.jsm, line 718: Error: Phase "profile-before-change" is finished, it is too late to register completion condition "OS.File: flush I/O queued before profileBeforeChange"
JavaScript error: resource://gre/modules/AsyncShutdown.jsm, line 718: Error: Phase "profile-before-change" is finished, it is too late to register completion condition "OS.File: flush I/O queued before profileBeforeChange"
JavaScript error: resource://gre/modules/AsyncShutdown.jsm, line 718: Error: Phase "profile-before-change" is finished, it is too late to register completion condition "OS.File: flush I/O queued before profileBeforeChange"
JavaScript error: resource://gre/modules/AsyncShutdown.jsm, line 718: Error: Phase "profile-before-change" is finished, it is too late to register completion condition "OS.File: flush I/O queued before profileBeforeChange"
JavaScript error: resource://gre/modules/AsyncShutdown.jsm, line 718: Error: Phase "profile-before-change" is finished, it is too late to register completion condition "OS.File: flush I/O queued before profileBeforeChange"
1675579863761	geckodriver	INFO	Listening on 127.0.0.1:60356
1675579866760	mozrunner::runner	INFO	Running command: "C:\\Program Files\\Mozilla Firefox\\firefox.exe" "--marionette" "--incognito" "start-maximized" "--disable- ... 57" "--remote-allow-hosts" "localhost" "-no-remote" "-profile" "C:\\Users\\ACER\\AppData\\Local\\Temp\\rust_mozprofileHuAwfY"
1675579867770	Marionette	INFO	Marionette enabled
Dynamically enable window occlusion 0
1675579867782	Marionette	INFO	Listening on port 60366
Read port: 60366
WebDriver BiDi listening on ws://127.0.0.1:60357
1675579868292	RemoteAgent	WARN	TLS certificate errors will be ignored for this session
console.warn: SearchSettings: "get: No settings file exists, new profile?" (new NotFoundError("Could not open the file at C:\\Users\\ACER\\AppData\\Local\\Temp\\rust_mozprofileHuAwfY\\search.json.mozlz4", (void 0)))
DevTools listening on ws://127.0.0.1:60357/devtools/browser/5b4d9960-112e-423d-92e4-433c3a290f47
1675580180591	geckodriver	INFO	Listening on 127.0.0.1:60597
1675580183601	mozrunner::runner	INFO	Running command: "C:\\Program Files\\Mozilla Firefox\\firefox.exe" "--marionette" "--incognito" "start-maximized" "--disable- ... 98" "--remote-allow-hosts" "localhost" "-no-remote" "-profile" "C:\\Users\\ACER\\AppData\\Local\\Temp\\rust_mozprofileZEI8OZ"
1675580184566	Marionette	INFO	Marionette enabled
Dynamically enable window occlusion 0
1675580184587	Marionette	INFO	Listening on port 60606
Read port: 60606
WebDriver BiDi listening on ws://127.0.0.1:60598
1675580185085	RemoteAgent	WARN	TLS certificate errors will be ignored for this session
console.warn: SearchSettings: "get: No settings file exists, new profile?" (new NotFoundError("Could not open the file at C:\\Users\\ACER\\AppData\\Local\\Temp\\rust_mozprofileZEI8OZ\\search.json.mozlz4", (void 0)))
DevTools listening on ws://127.0.0.1:60598/devtools/browser/329c13e4-4762-4c62-a124-cdb205ef9188
1675617808250	geckodriver	INFO	Listening on 127.0.0.1:55783
1675617811418	mozrunner::runner	INFO	Running command: "C:\\Program Files\\Mozilla Firefox\\firefox.exe" "--marionette" "--incognito" "start-maximized" "--disable- ... 84" "--remote-allow-hosts" "localhost" "-no-remote" "-profile" "C:\\Users\\ACER\\AppData\\Local\\Temp\\rust_mozprofileFgxh1S"
1675617815891	Marionette	INFO	Marionette enabled
Dynamically enable window occlusion 0
1675617815938	Marionette	INFO	Listening on port 55795
Read port: 55795
WebDriver BiDi listening on ws://127.0.0.1:55784
Read port: 55795
1675617817584	RemoteAgent	WARN	TLS certificate errors will be ignored for this session
console.warn: SearchSettings: "get: No settings file exists, new profile?" (new NotFoundError("Could not open the file at C:\\Users\\ACER\\AppData\\Local\\Temp\\rust_mozprofileFgxh1S\\search.json.mozlz4", (void 0)))
DevTools listening on ws://127.0.0.1:55784/devtools/browser/5e351fd4-e61d-496b-9332-9c3a3c4f57d4
1675617862694	Marionette	INFO	Stopped listening on port 55795
Dynamically enable window occlusion 1
WARNING: A blocker encountered an error while we were waiting.
          Blocker:  Waiting for ping task
          Phase: TelemetryController: Waiting for pending ping activity
          State: (none)
WARNING: Error: Phase "profile-before-change" is finished, it is too late to register completion condition "OS.File: flush I/O queued before profileBeforeChange"
WARNING: addBlocker@resource://gre/modules/AsyncShutdown.jsm:718:15
addBlocker@resource://gre/modules/AsyncShutdown.jsm:523:26
addBlocker@resource://gre/modules/AsyncShutdown.jsm:462:15
setupShutdown@resource://gre/modules/osfile/osfile_async_front.jsm:1548:28
@resource://gre/modules/osfile/osfile_async_front.jsm:1568:16
@resource://gre/modules/osfile.jsm:12:30
@resource://gre/modules/TelemetryStorage.jsm:19:28
promiseArchivePing@resource://gre/modules/TelemetryArchive.jsm:103:5
promiseArchivePing@resource://gre/modules/TelemetryArchive.jsm:63:33
_submitPingLogic@resource://gre/modules/TelemetryControllerParent.jsm:540:48
send@resource://gre/modules/TelemetryControllerParent.jsm:628:24
submitExternalPing@resource://gre/modules/TelemetryControllerParent.jsm:182:17
sendPing@resource://gre/modules/EventPing.jsm:51:30
_submitPing@resource://gre/modules/EventPing.jsm:229:12
shutdown@resource://gre/modules/EventPing.jsm:112:10
_cleanupOnShutdown@resource://gre/modules/TelemetryControllerParent.jsm:940:31
shutdown/<@resource://gre/modules/TelemetryControllerParent.jsm:1010:24
observe@resource://gre/modules/AsyncShutdown.jsm:572:16

WARNING: A blocker encountered an error while we were waiting.
          Blocker:  Waiting for ping task
          Phase: TelemetryController: Waiting for pending ping activity
          State: (none)
WARNING: Error: Phase "profile-before-change" is finished, it is too late to register completion condition "OS.File: flush I/O queued before profileBeforeChange"
WARNING: addBlocker@resource://gre/modules/AsyncShutdown.jsm:718:15
addBlocker@resource://gre/modules/AsyncShutdown.jsm:523:26
addBlocker@resource://gre/modules/AsyncShutdown.jsm:462:15
setupShutdown@resource://gre/modules/osfile/osfile_async_front.jsm:1548:28
@resource://gre/modules/osfile/osfile_async_front.jsm:1568:16
@resource://gre/modules/osfile.jsm:12:30
@resource://gre/modules/TelemetryStorage.jsm:19:28
promiseArchivePing@resource://gre/modules/TelemetryArchive.jsm:103:5
promiseArchivePing@resource://gre/modules/TelemetryArchive.jsm:63:33
_submitPingLogic@resource://gre/modules/TelemetryControllerParent.jsm:540:48
send@resource://gre/modules/TelemetryControllerParent.jsm:628:24
submitExternalPing@resource://gre/modules/TelemetryControllerParent.jsm:182:17
saveShutdownPings@resource://gre/modules/TelemetrySession.jsm:982:34
shutdownChromeProcess/cleanup/<@resource://gre/modules/TelemetrySession.jsm:1232:20
cleanup@resource://gre/modules/TelemetrySession.jsm:1239:9
shutdownChromeProcess@resource://gre/modules/TelemetrySession.jsm:1256:14
shutdown@resource://gre/modules/TelemetrySession.jsm:247:17
_cleanupOnShutdown@resource://gre/modules/TelemetryControllerParent.jsm:959:35
observe@resource://gre/modules/AsyncShutdown.jsm:572:16

WARNING: A blocker encountered an error while we were waiting.
          Blocker:  Waiting for ping task
          Phase: TelemetryController: Waiting for pending ping activity
          State: (none)
WARNING: Error: Phase "profile-before-change" is finished, it is too late to register completion condition "OS.File: flush I/O queued before profileBeforeChange"
WARNING: addBlocker@resource://gre/modules/AsyncShutdown.jsm:718:15
addBlocker@resource://gre/modules/AsyncShutdown.jsm:523:26
addBlocker@resource://gre/modules/AsyncShutdown.jsm:462:15
setupShutdown@resource://gre/modules/osfile/osfile_async_front.jsm:1548:28
@resource://gre/modules/osfile/osfile_async_front.jsm:1568:16
@resource://gre/modules/osfile.jsm:12:30
@resource://gre/modules/TelemetryStorage.jsm:19:28
promiseArchivePing@resource://gre/modules/TelemetryArchive.jsm:103:5
promiseArchivePing@resource://gre/modules/TelemetryArchive.jsm:63:33
_submitPingLogic@resource://gre/modules/TelemetryControllerParent.jsm:540:48
send@resource://gre/modules/TelemetryControllerParent.jsm:628:24
submitExternalPing@resource://gre/modules/TelemetryControllerParent.jsm:182:17
saveShutdownPings@resource://gre/modules/TelemetrySession.jsm:1014:36
shutdownChromeProcess/cleanup/<@resource://gre/modules/TelemetrySession.jsm:1232:20
cleanup@resource://gre/modules/TelemetrySession.jsm:1239:9
shutdownChromeProcess@resource://gre/modules/TelemetrySession.jsm:1256:14
shutdown@resource://gre/modules/TelemetrySession.jsm:247:17
_cleanupOnShutdown@resource://gre/modules/TelemetryControllerParent.jsm:959:35
observe@resource://gre/modules/AsyncShutdown.jsm:572:16

WARNING: A blocker encountered an error while we were waiting.
          Blocker:  TelemetryController: shutting down
          Phase: profile-before-change-telemetry
          State: Error getting state: Error: Phase "profile-before-change" is finished, it is too late to register completion condition "OS.File: flush I/O queued before profileBeforeChange" at addBlocker@resource://gre/modules/AsyncShutdown.jsm:718:15
addBlocker@resource://gre/modules/AsyncShutdown.jsm:523:26
addBlocker@resource://gre/modules/AsyncShutdown.jsm:462:15
setupShutdown@resource://gre/modules/osfile/osfile_async_front.jsm:1548:28
@resource://gre/modules/osfile/osfile_async_front.jsm:1568:16
@resource://gre/modules/osfile.jsm:12:30
@resource://gre/modules/TelemetryStorage.jsm:19:28
getShutdownState@resource://gre/modules/TelemetrySend.jsm:1692:7
getShutdownState@resource://gre/modules/TelemetrySend.jsm:374:30
_getState@resource://gre/modules/TelemetryControllerParent.jsm:1058:38
setupTelemetry/<@resource://gre/modules/TelemetryControllerParent.jsm:917:18
safeGetState@resource://gre/modules/AsyncShutdown.jsm:254:17
Barrier/_internalAddBlocker/promise<@resource://gre/modules/AsyncShutdown.jsm:773:20
observe@resource://gre/modules/AsyncShutdown.jsm:572:16

WARNING: Error: Phase "profile-before-change" is finished, it is too late to register completion condition "OS.File: flush I/O queued before profileBeforeChange"
WARNING: addBlocker@resource://gre/modules/AsyncShutdown.jsm:718:15
addBlocker@resource://gre/modules/AsyncShutdown.jsm:523:26
addBlocker@resource://gre/modules/AsyncShutdown.jsm:462:15
setupShutdown@resource://gre/modules/osfile/osfile_async_front.jsm:1548:28
@resource://gre/modules/osfile/osfile_async_front.jsm:1568:16
@resource://gre/modules/osfile.jsm:12:30
@resource://gre/modules/TelemetryStorage.jsm:19:28
removeAbortedSessionPing@resource://gre/modules/TelemetryControllerParent.jsm:721:5
removeAbortedSessionPing@resource://gre/modules/TelemetryControllerParent.jsm:249:17
shutdownChromeProcess/cleanup/<@resource://gre/modules/TelemetrySession.jsm:1235:42
observe@resource://gre/modules/AsyncShutdown.jsm:572:16

JavaScript error: resource://gre/modules/AsyncShutdown.jsm, line 718: Error: Phase "profile-before-change" is finished, it is too late to register completion condition "OS.File: flush I/O queued before profileBeforeChange"
JavaScript error: resource://gre/modules/AsyncShutdown.jsm, line 718: Error: Phase "profile-before-change" is finished, it is too late to register completion condition "OS.File: flush I/O queued before profileBeforeChange"
JavaScript error: resource://gre/modules/AsyncShutdown.jsm, line 718: Error: Phase "profile-before-change" is finished, it is too late to register completion condition "OS.File: flush I/O queued before profileBeforeChange"
JavaScript error: resource://gre/modules/AsyncShutdown.jsm, line 718: Error: Phase "profile-before-change" is finished, it is too late to register completion condition "OS.File: flush I/O queued before profileBeforeChange"
JavaScript error: resource://gre/modules/AsyncShutdown.jsm, line 718: Error: Phase "profile-before-change" is finished, it is too late to register completion condition "OS.File: flush I/O queued before profileBeforeChange"
JavaScript error: resource://gre/modules/AsyncShutdown.jsm, line 718: Error: Phase "profile-before-change" is finished, it is too late to register completion condition "OS.File: flush I/O queued before profileBeforeChange"
1675618025330	geckodriver	INFO	Listening on 127.0.0.1:55993
1675618028396	mozrunner::runner	INFO	Running command: "C:\\Program Files\\Mozilla Firefox\\firefox.exe" "--marionette" "--incognito" "start-maximized" "--disable- ... 94" "--remote-allow-hosts" "localhost" "-no-remote" "-profile" "C:\\Users\\ACER\\AppData\\Local\\Temp\\rust_mozprofileQF234t"
1675618029466	Marionette	INFO	Marionette enabled
Dynamically enable window occlusion 0
1675618029477	Marionette	INFO	Listening on port 56003
Read port: 56003
WebDriver BiDi listening on ws://127.0.0.1:55994
1675618029968	RemoteAgent	WARN	TLS certificate errors will be ignored for this session
console.warn: SearchSettings: "get: No settings file exists, new profile?" (new NotFoundError("Could not open the file at C:\\Users\\ACER\\AppData\\Local\\Temp\\rust_mozprofileQF234t\\search.json.mozlz4", (void 0)))
DevTools listening on ws://127.0.0.1:55994/devtools/browser/661cbe00-a3c1-4fee-ace8-e9fea88b6081
1675618058701	geckodriver	INFO	Listening on 127.0.0.1:56045
1675618061761	mozrunner::runner	INFO	Running command: "C:\\Program Files\\Mozilla Firefox\\firefox.exe" "--marionette" "--incognito" "start-maximized" "--disable- ... 46" "--remote-allow-hosts" "localhost" "-no-remote" "-profile" "C:\\Users\\ACER\\AppData\\Local\\Temp\\rust_mozprofileXR2Qth"
1675618062601	Marionette	INFO	Marionette enabled
Dynamically enable window occlusion 0
1675618062611	Marionette	INFO	Listening on port 56054
Read port: 56054
WebDriver BiDi listening on ws://127.0.0.1:56046
1675618063151	RemoteAgent	WARN	TLS certificate errors will be ignored for this session
console.warn: SearchSettings: "get: No settings file exists, new profile?" (new NotFoundError("Could not open the file at C:\\Users\\ACER\\AppData\\Local\\Temp\\rust_mozprofileXR2Qth\\search.json.mozlz4", (void 0)))
DevTools listening on ws://127.0.0.1:56046/devtools/browser/5c6820e8-1f39-4e94-844f-741987b4185a
1675618105606	geckodriver	INFO	Listening on 127.0.0.1:56104
1675618108688	mozrunner::runner	INFO	Running command: "C:\\Program Files\\Mozilla Firefox\\firefox.exe" "--marionette" "--incognito" "start-maximized" "--disable- ... 05" "--remote-allow-hosts" "localhost" "-no-remote" "-profile" "C:\\Users\\ACER\\AppData\\Local\\Temp\\rust_mozprofile3b4uzF"
1675618109480	Marionette	INFO	Marionette enabled
Dynamically enable window occlusion 0
1675618109509	Marionette	INFO	Listening on port 56113
Read port: 56113
WebDriver BiDi listening on ws://127.0.0.1:56105
1675618110013	RemoteAgent	WARN	TLS certificate errors will be ignored for this session
console.warn: SearchSettings: "get: No settings file exists, new profile?" (new NotFoundError("Could not open the file at C:\\Users\\ACER\\AppData\\Local\\Temp\\rust_mozprofile3b4uzF\\search.json.mozlz4", (void 0)))
DevTools listening on ws://127.0.0.1:56105/devtools/browser/3c197b44-4268-4df3-9771-67c4dcf501d1
1675618224642	geckodriver	INFO	Listening on 127.0.0.1:56212
1675618227726	mozrunner::runner	INFO	Running command: "C:\\Program Files\\Mozilla Firefox\\firefox.exe" "--marionette" "--incognito" "start-maximized" "disable-po ... 13" "--remote-allow-hosts" "localhost" "-no-remote" "-profile" "C:\\Users\\ACER\\AppData\\Local\\Temp\\rust_mozprofileqaZLz2"
1675618228614	Marionette	INFO	Marionette enabled
Dynamically enable window occlusion 0
1675618228639	Marionette	INFO	Listening on port 56222
Read port: 56222
WebDriver BiDi listening on ws://127.0.0.1:56213
1675618229137	RemoteAgent	WARN	TLS certificate errors will be ignored for this session
console.warn: SearchSettings: "get: No settings file exists, new profile?" (new NotFoundError("Could not open the file at C:\\Users\\ACER\\AppData\\Local\\Temp\\rust_mozprofileqaZLz2\\search.json.mozlz4", (void 0)))
DevTools listening on ws://127.0.0.1:56213/devtools/browser/30bf7c58-2a83-4531-9418-8b90015fbd1f
1675618252076	Marionette	WARN	TimedPromise timed out after 500 ms: stacktrace:
TimedPromise/<@chrome://remote/content/marionette/sync.sys.mjs:219:24
TimedPromise@chrome://remote/content/marionette/sync.sys.mjs:204:10
interaction.flushEventLoop@chrome://remote/content/marionette/interaction.sys.mjs:425:10
webdriverClickElement@chrome://remote/content/marionette/interaction.sys.mjs:173:31
1675618264175	Marionette	INFO	Stopped listening on port 56222
Dynamically enable window occlusion 1
WARNING: A blocker encountered an error while we were waiting.
          Blocker:  Waiting for ping task
          Phase: TelemetryController: Waiting for pending ping activity
          State: (none)
WARNING: Error: Phase "profile-before-change" is finished, it is too late to register completion condition "OS.File: flush I/O queued before profileBeforeChange"
WARNING: addBlocker@resource://gre/modules/AsyncShutdown.jsm:718:15
addBlocker@resource://gre/modules/AsyncShutdown.jsm:523:26
addBlocker@resource://gre/modules/AsyncShutdown.jsm:462:15
setupShutdown@resource://gre/modules/osfile/osfile_async_front.jsm:1548:28
@resource://gre/modules/osfile/osfile_async_front.jsm:1568:16
@resource://gre/modules/osfile.jsm:12:30
@resource://gre/modules/TelemetryStorage.jsm:19:28
promiseArchivePing@resource://gre/modules/TelemetryArchive.jsm:103:5
promiseArchivePing@resource://gre/modules/TelemetryArchive.jsm:63:33
_submitPingLogic@resource://gre/modules/TelemetryControllerParent.jsm:540:48
send@resource://gre/modules/TelemetryControllerParent.jsm:628:24
submitExternalPing@resource://gre/modules/TelemetryControllerParent.jsm:182:17
sendPing@resource://gre/modules/EventPing.jsm:51:30
_submitPing@resource://gre/modules/EventPing.jsm:229:12
shutdown@resource://gre/modules/EventPing.jsm:112:10
_cleanupOnShutdown@resource://gre/modules/TelemetryControllerParent.jsm:940:31
shutdown/<@resource://gre/modules/TelemetryControllerParent.jsm:1010:24
observe@resource://gre/modules/AsyncShutdown.jsm:572:16

WARNING: A blocker encountered an error while we were waiting.
          Blocker:  Waiting for ping task
          Phase: TelemetryController: Waiting for pending ping activity
          State: (none)
WARNING: Error: Phase "profile-before-change" is finished, it is too late to register completion condition "OS.File: flush I/O queued before profileBeforeChange"
WARNING: addBlocker@resource://gre/modules/AsyncShutdown.jsm:718:15
addBlocker@resource://gre/modules/AsyncShutdown.jsm:523:26
addBlocker@resource://gre/modules/AsyncShutdown.jsm:462:15
setupShutdown@resource://gre/modules/osfile/osfile_async_front.jsm:1548:28
@resource://gre/modules/osfile/osfile_async_front.jsm:1568:16
@resource://gre/modules/osfile.jsm:12:30
@resource://gre/modules/TelemetryStorage.jsm:19:28
promiseArchivePing@resource://gre/modules/TelemetryArchive.jsm:103:5
promiseArchivePing@resource://gre/modules/TelemetryArchive.jsm:63:33
_submitPingLogic@resource://gre/modules/TelemetryControllerParent.jsm:540:48
send@resource://gre/modules/TelemetryControllerParent.jsm:628:24
submitExternalPing@resource://gre/modules/TelemetryControllerParent.jsm:182:17
saveShutdownPings@resource://gre/modules/TelemetrySession.jsm:982:34
shutdownChromeProcess/cleanup/<@resource://gre/modules/TelemetrySession.jsm:1232:20
cleanup@resource://gre/modules/TelemetrySession.jsm:1239:9
shutdownChromeProcess@resource://gre/modules/TelemetrySession.jsm:1256:14
shutdown@resource://gre/modules/TelemetrySession.jsm:247:17
_cleanupOnShutdown@resource://gre/modules/TelemetryControllerParent.jsm:959:35
observe@resource://gre/modules/AsyncShutdown.jsm:572:16

WARNING: A blocker encountered an error while we were waiting.
          Blocker:  Waiting for ping task
          Phase: TelemetryController: Waiting for pending ping activity
          State: (none)
WARNING: Error: Phase "profile-before-change" is finished, it is too late to register completion condition "OS.File: flush I/O queued before profileBeforeChange"
WARNING: addBlocker@resource://gre/modules/AsyncShutdown.jsm:718:15
addBlocker@resource://gre/modules/AsyncShutdown.jsm:523:26
addBlocker@resource://gre/modules/AsyncShutdown.jsm:462:15
setupShutdown@resource://gre/modules/osfile/osfile_async_front.jsm:1548:28
@resource://gre/modules/osfile/osfile_async_front.jsm:1568:16
@resource://gre/modules/osfile.jsm:12:30
@resource://gre/modules/TelemetryStorage.jsm:19:28
promiseArchivePing@resource://gre/modules/TelemetryArchive.jsm:103:5
promiseArchivePing@resource://gre/modules/TelemetryArchive.jsm:63:33
_submitPingLogic@resource://gre/modules/TelemetryControllerParent.jsm:540:48
send@resource://gre/modules/TelemetryControllerParent.jsm:628:24
submitExternalPing@resource://gre/modules/TelemetryControllerParent.jsm:182:17
saveShutdownPings@resource://gre/modules/TelemetrySession.jsm:1014:36
shutdownChromeProcess/cleanup/<@resource://gre/modules/TelemetrySession.jsm:1232:20
cleanup@resource://gre/modules/TelemetrySession.jsm:1239:9
shutdownChromeProcess@resource://gre/modules/TelemetrySession.jsm:1256:14
shutdown@resource://gre/modules/TelemetrySession.jsm:247:17
_cleanupOnShutdown@resource://gre/modules/TelemetryControllerParent.jsm:959:35
observe@resource://gre/modules/AsyncShutdown.jsm:572:16

WARNING: A blocker encountered an error while we were waiting.
          Blocker:  TelemetryController: shutting down
          Phase: profile-before-change-telemetry
          State: Error getting state: Error: Phase "profile-before-change" is finished, it is too late to register completion condition "OS.File: flush I/O queued before profileBeforeChange" at addBlocker@resource://gre/modules/AsyncShutdown.jsm:718:15
addBlocker@resource://gre/modules/AsyncShutdown.jsm:523:26
addBlocker@resource://gre/modules/AsyncShutdown.jsm:462:15
setupShutdown@resource://gre/modules/osfile/osfile_async_front.jsm:1548:28
@resource://gre/modules/osfile/osfile_async_front.jsm:1568:16
@resource://gre/modules/osfile.jsm:12:30
@resource://gre/modules/TelemetryStorage.jsm:19:28
getShutdownState@resource://gre/modules/TelemetrySend.jsm:1692:7
getShutdownState@resource://gre/modules/TelemetrySend.jsm:374:30
_getState@resource://gre/modules/TelemetryControllerParent.jsm:1058:38
setupTelemetry/<@resource://gre/modules/TelemetryControllerParent.jsm:917:18
safeGetState@resource://gre/modules/AsyncShutdown.jsm:254:17
Barrier/_internalAddBlocker/promise<@resource://gre/modules/AsyncShutdown.jsm:773:20
observe@resource://gre/modules/AsyncShutdown.jsm:572:16

WARNING: Error: Phase "profile-before-change" is finished, it is too late to register completion condition "OS.File: flush I/O queued before profileBeforeChange"
WARNING: addBlocker@resource://gre/modules/AsyncShutdown.jsm:718:15
addBlocker@resource://gre/modules/AsyncShutdown.jsm:523:26
addBlocker@resource://gre/modules/AsyncShutdown.jsm:462:15
setupShutdown@resource://gre/modules/osfile/osfile_async_front.jsm:1548:28
@resource://gre/modules/osfile/osfile_async_front.jsm:1568:16
@resource://gre/modules/osfile.jsm:12:30
@resource://gre/modules/TelemetryStorage.jsm:19:28
removeAbortedSessionPing@resource://gre/modules/TelemetryControllerParent.jsm:721:5
removeAbortedSessionPing@resource://gre/modules/TelemetryControllerParent.jsm:249:17
shutdownChromeProcess/cleanup/<@resource://gre/modules/TelemetrySession.jsm:1235:42
observe@resource://gre/modules/AsyncShutdown.jsm:572:16

JavaScript error: resource://gre/modules/AsyncShutdown.jsm, line 718: Error: Phase "profile-before-change" is finished, it is too late to register completion condition "OS.File: flush I/O queued before profileBeforeChange"
JavaScript error: resource://gre/modules/AsyncShutdown.jsm, line 718: Error: Phase "profile-before-change" is finished, it is too late to register completion condition "OS.File: flush I/O queued before profileBeforeChange"
JavaScript error: resource://gre/modules/AsyncShutdown.jsm, line 718: Error: Phase "profile-before-change" is finished, it is too late to register completion condition "OS.File: flush I/O queued before profileBeforeChange"
JavaScript error: resource://gre/modules/AsyncShutdown.jsm, line 718: Error: Phase "profile-before-change" is finished, it is too late to register completion condition "OS.File: flush I/O queued before profileBeforeChange"
JavaScript error: resource://gre/modules/AsyncShutdown.jsm, line 718: Error: Phase "profile-before-change" is finished, it is too late to register completion condition "OS.File: flush I/O queued before profileBeforeChange"
JavaScript error: resource://gre/modules/AsyncShutdown.jsm, line 718: Error: Phase "profile-before-change" is finished, it is too late to register completion condition "OS.File: flush I/O queued before profileBeforeChange"
1675618368687	geckodriver	INFO	Listening on 127.0.0.1:56384
1675618371703	mozrunner::runner	INFO	Running command: "C:\\Program Files\\Mozilla Firefox\\firefox.exe" "--marionette" "--incognito" "start-maximized" "disable-po ... 85" "--remote-allow-hosts" "localhost" "-no-remote" "-profile" "C:\\Users\\ACER\\AppData\\Local\\Temp\\rust_mozprofileZffgxC"
1675618373936	Marionette	INFO	Marionette enabled
Dynamically enable window occlusion 0
1675618373947	Marionette	INFO	Listening on port 56394
Read port: 56394
WebDriver BiDi listening on ws://127.0.0.1:56385
1675618374426	RemoteAgent	WARN	TLS certificate errors will be ignored for this session
console.warn: SearchSettings: "get: No settings file exists, new profile?" (new NotFoundError("Could not open the file at C:\\Users\\ACER\\AppData\\Local\\Temp\\rust_mozprofileZffgxC\\search.json.mozlz4", (void 0)))
DevTools listening on ws://127.0.0.1:56385/devtools/browser/32bd3fd8-c9f0-4749-aae8-63903a445ec0
1675618396361	geckodriver	INFO	Listening on 127.0.0.1:56430
1675618399413	mozrunner::runner	INFO	Running command: "C:\\Program Files\\Mozilla Firefox\\firefox.exe" "--marionette" "--incognito" "start-maximized" "disable-po ... 31" "--remote-allow-hosts" "localhost" "-no-remote" "-profile" "C:\\Users\\ACER\\AppData\\Local\\Temp\\rust_mozprofile5BG7br"
1675618400235	Marionette	INFO	Marionette enabled
Dynamically enable window occlusion 0
1675618400255	Marionette	INFO	Listening on port 56443
Read port: 56443
WebDriver BiDi listening on ws://127.0.0.1:56431
1675618400717	RemoteAgent	WARN	TLS certificate errors will be ignored for this session
console.warn: SearchSettings: "get: No settings file exists, new profile?" (new NotFoundError("Could not open the file at C:\\Users\\ACER\\AppData\\Local\\Temp\\rust_mozprofile5BG7br\\search.json.mozlz4", (void 0)))
DevTools listening on ws://127.0.0.1:56431/devtools/browser/6abef42a-764c-43a6-8695-5ed1ccfeeaed
1675619145702	geckodriver	INFO	Listening on 127.0.0.1:57061
1675619148675	mozrunner::runner	INFO	Running command: "C:\\Program Files\\Mozilla Firefox\\firefox.exe" "--marionette" "--incognito" "start-maximized" "disable-po ... 62" "--remote-allow-hosts" "localhost" "-no-remote" "-profile" "C:\\Users\\ACER\\AppData\\Local\\Temp\\rust_mozprofileH8GIOX"
1675619150023	Marionette	INFO	Marionette enabled
Dynamically enable window occlusion 0
1675619150042	Marionette	INFO	Listening on port 57070
Read port: 57070
WebDriver BiDi listening on ws://127.0.0.1:57062
1675619150668	RemoteAgent	WARN	TLS certificate errors will be ignored for this session
console.warn: SearchSettings: "get: No settings file exists, new profile?" (new NotFoundError("Could not open the file at C:\\Users\\ACER\\AppData\\Local\\Temp\\rust_mozprofileH8GIOX\\search.json.mozlz4", (void 0)))
DevTools listening on ws://127.0.0.1:57062/devtools/browser/20e7784c-1b71-48b3-9223-ca10e647e02a
1675619322247	Marionette	INFO	Stopped listening on port 57070
Dynamically enable window occlusion 1
1675619726042	geckodriver	INFO	Listening on 127.0.0.1:57479
1675619729142	mozrunner::runner	INFO	Running command: "C:\\Program Files\\Mozilla Firefox\\firefox.exe" "--marionette" "--incognito" "start-maximized" "disable-po ... 80" "--remote-allow-hosts" "localhost" "-no-remote" "-profile" "C:\\Users\\ACER\\AppData\\Local\\Temp\\rust_mozprofilekZkk8l"
1675619730040	Marionette	INFO	Marionette enabled
Dynamically enable window occlusion 0
1675619730050	Marionette	INFO	Listening on port 57489
Read port: 57489
WebDriver BiDi listening on ws://127.0.0.1:57480
1675619730564	RemoteAgent	WARN	TLS certificate errors will be ignored for this session
console.warn: SearchSettings: "get: No settings file exists, new profile?" (new NotFoundError("Could not open the file at C:\\Users\\ACER\\AppData\\Local\\Temp\\rust_mozprofilekZkk8l\\search.json.mozlz4", (void 0)))
DevTools listening on ws://127.0.0.1:57480/devtools/browser/46bfbfed-3ccc-460a-b383-c57bef35be08
1675622116172	geckodriver	INFO	Listening on 127.0.0.1:59221
1675622267932	geckodriver	INFO	Listening on 127.0.0.1:59325
